2025-05-16 13:29:39,589 - INFO - Training DBN...
2025-05-16 13:42:15,355 - INFO - Training DBN...
2025-05-16 13:42:33,459 - INFO - Starting RBM pre-training...
2025-05-16 13:42:33,459 - INFO - Pre-training RBM layer 1/2
2025-05-17 13:44:58,622 - INFO - Training DBN...
2025-05-17 13:45:16,577 - INFO - Starting RBM pre-training...
2025-05-17 13:45:16,578 - INFO - Pre-training RBM layer 1/2
2025-05-17 13:47:29,489 - INFO - Training CNN...
2025-05-17 13:47:32,291 - INFO - Starting CNN training...
2025-05-17 13:48:19,475 - INFO - Training Random Forest...
2025-05-17 13:48:19,475 - INFO - Training Random Forest...
2025-05-17 14:28:55,994 - INFO - Training DBN...
2025-05-17 14:29:17,332 - INFO - Starting DBN pre-training...
2025-05-17 14:29:17,334 - INFO - Pre-training RBM layer 1/2
2025-05-17 14:30:14,687 - INFO - Training CNN...
2025-05-17 14:30:17,047 - INFO - Starting CNN training...
2025-05-17 14:31:33,632 - INFO - Training Random Forest...
2025-05-17 14:31:33,632 - INFO - Training Random Forest...
2025-05-17 14:35:15,174 - INFO - Training DBN...
2025-05-17 14:35:18,294 - INFO - Starting DBN pre-training...
2025-05-17 14:35:18,294 - INFO - Pre-training RBM layer 1/2
2025-05-17 14:35:18,690 - INFO - RBM Layer 1, Epoch 0, Loss: 1.0511
2025-05-17 14:35:19,008 - INFO - RBM Layer 1, Epoch 10, Loss: 1.0992
2025-05-17 14:35:19,313 - INFO - RBM Layer 1, Epoch 20, Loss: 1.2035
2025-05-17 14:35:19,688 - INFO - RBM Layer 1, Epoch 30, Loss: 4.9130
2025-05-17 14:35:20,112 - INFO - RBM Layer 1, Epoch 40, Loss: 1.0994
2025-05-17 14:35:20,522 - INFO - Pre-training RBM layer 2/2
2025-05-17 14:37:16,245 - INFO - Training DBN...
2025-05-17 14:37:28,080 - INFO - Starting DBN pre-training...
2025-05-17 14:37:28,081 - INFO - Pre-training RBM layer 1/2
2025-05-17 14:37:28,252 - INFO - RBM Layer 1, Epoch 0, Loss: 1.3951
2025-05-17 14:37:29,433 - INFO - RBM Layer 1, Epoch 10, Loss: 1.3227
2025-05-17 14:37:30,355 - INFO - RBM Layer 1, Epoch 20, Loss: 1.3265
2025-05-17 14:37:31,182 - INFO - RBM Layer 1, Epoch 30, Loss: 1.2259
2025-05-17 14:37:32,008 - INFO - RBM Layer 1, Epoch 40, Loss: 1.4960
2025-05-17 14:37:32,650 - INFO - Pre-training RBM layer 2/2
2025-05-17 14:39:24,317 - INFO - Training DBN...
2025-05-17 14:39:30,028 - INFO - Starting DBN pre-training...
2025-05-17 14:39:30,029 - INFO - Pre-training RBM layer 1/2
2025-05-17 14:39:30,214 - INFO - RBM Layer 1, Epoch 0, Loss: 1.7405
2025-05-17 14:39:30,897 - INFO - RBM Layer 1, Epoch 10, Loss: 1.5438
2025-05-17 14:39:31,770 - INFO - RBM Layer 1, Epoch 20, Loss: 1.1678
2025-05-17 14:39:32,596 - INFO - RBM Layer 1, Epoch 30, Loss: 1.6519
2025-05-17 14:39:33,314 - INFO - RBM Layer 1, Epoch 40, Loss: 1.3102
2025-05-17 14:39:33,889 - INFO - Pre-training RBM layer 2/2
2025-05-17 14:41:13,513 - INFO - Training DBN...
2025-05-17 14:41:17,244 - INFO - Starting DBN pre-training...
2025-05-17 14:41:17,244 - INFO - Pre-training RBM layer 1/2
2025-05-17 14:41:17,320 - INFO - RBM Layer 1, Epoch 0, Loss: 1.4209
2025-05-17 14:41:17,882 - INFO - RBM Layer 1, Epoch 10, Loss: 1.4996
2025-05-17 14:41:18,370 - INFO - RBM Layer 1, Epoch 20, Loss: 1.1555
2025-05-17 14:41:18,951 - INFO - RBM Layer 1, Epoch 30, Loss: 2.4228
2025-05-17 14:41:19,452 - INFO - RBM Layer 1, Epoch 40, Loss: 1.9185
2025-05-17 14:41:19,998 - INFO - Pre-training RBM layer 2/2
2025-05-17 14:45:02,794 - INFO - Training DBN...
2025-05-17 14:45:12,812 - INFO - Starting DBN pre-training...
2025-05-17 14:45:12,813 - INFO - Pre-training RBM layer 1/2
2025-05-17 14:45:13,926 - INFO - RBM Layer 1, Epoch 0, Loss: 1.0883
2025-05-17 14:45:17,015 - INFO - RBM Layer 1, Epoch 10, Loss: 1.5366
2025-05-17 14:45:19,726 - INFO - RBM Layer 1, Epoch 20, Loss: 1.0947
2025-05-17 14:45:22,822 - INFO - RBM Layer 1, Epoch 30, Loss: 1.1521
2025-05-17 14:45:26,303 - INFO - RBM Layer 1, Epoch 40, Loss: 1.3144
2025-05-17 14:45:28,890 - INFO - Pre-training RBM layer 2/2
2025-05-17 14:47:15,547 - INFO - Training DBN...
2025-05-17 14:47:19,407 - INFO - Starting DBN pre-training...
2025-05-17 14:47:19,408 - INFO - Pre-training RBM layer 1/2
2025-05-17 14:47:19,757 - INFO - RBM Layer 1, Epoch 0, Loss: 1.1365
2025-05-17 14:47:23,435 - INFO - RBM Layer 1, Epoch 10, Loss: 1.2802
2025-05-17 14:47:26,494 - INFO - RBM Layer 1, Epoch 20, Loss: 1.5327
2025-05-17 14:47:29,344 - INFO - RBM Layer 1, Epoch 30, Loss: 1.3134
2025-05-17 14:47:32,236 - INFO - RBM Layer 1, Epoch 40, Loss: 1.1631
2025-05-17 14:47:35,011 - INFO - Pre-training RBM layer 2/2
2025-05-17 14:52:02,839 - INFO - Training DBN...
2025-05-17 14:52:18,241 - INFO - Starting DBN pre-training...
2025-05-17 14:52:18,243 - INFO - Pre-training RBM layer 1/2
2025-05-17 14:52:21,232 - INFO - RBM Layer 1, Epoch 0, Loss: 1.1091
2025-05-17 14:52:28,145 - INFO - RBM Layer 1, Epoch 10, Loss: 1.0383
2025-05-17 14:52:31,537 - INFO - RBM Layer 1, Epoch 20, Loss: 1.3386
2025-05-17 14:52:35,084 - INFO - RBM Layer 1, Epoch 30, Loss: 1.3055
2025-05-17 14:52:38,962 - INFO - RBM Layer 1, Epoch 40, Loss: 1.1600
2025-05-17 14:52:42,830 - INFO - Pre-training RBM layer 2/2
2025-05-17 14:53:31,014 - INFO - Training DBN...
2025-05-17 14:53:35,081 - INFO - Starting DBN pre-training...
2025-05-17 14:53:35,082 - INFO - Pre-training RBM layer 1/2
2025-05-17 14:53:35,492 - INFO - RBM Layer 1, Epoch 0, Loss: 4.9123
2025-05-17 14:53:40,439 - INFO - RBM Layer 1, Epoch 10, Loss: 1.0424
2025-05-17 14:53:43,436 - INFO - RBM Layer 1, Epoch 20, Loss: 1.4196
2025-05-17 14:53:46,193 - INFO - RBM Layer 1, Epoch 30, Loss: 1.5700
2025-05-17 14:53:48,951 - INFO - RBM Layer 1, Epoch 40, Loss: 1.5776
2025-05-17 14:53:51,614 - INFO - Pre-training RBM layer 2/2
2025-05-17 15:00:03,923 - INFO - Training DBN...
2025-05-17 15:00:04,431 - INFO - Starting DBN pre-training...
2025-05-17 15:00:04,433 - INFO - Pre-training RBM layer 1/2
2025-05-17 15:00:05,364 - INFO - RBM Layer 1, Epoch 0, Loss: 1.1745
2025-05-17 15:00:07,028 - INFO - RBM Layer 1, Epoch 10, Loss: 0.9170
2025-05-17 15:00:08,847 - INFO - RBM Layer 1, Epoch 20, Loss: 0.9172
2025-05-17 15:00:10,407 - INFO - RBM Layer 1, Epoch 30, Loss: 0.9397
2025-05-17 15:00:12,426 - INFO - RBM Layer 1, Epoch 40, Loss: 0.9550
2025-05-17 15:00:14,064 - INFO - Pre-training RBM layer 2/2
2025-05-17 15:00:14,748 - INFO - RBM Layer 2, Epoch 0, Loss: 0.4200
2025-05-17 15:00:19,430 - INFO - RBM Layer 2, Epoch 10, Loss: 0.3636
2025-05-17 15:00:23,584 - INFO - RBM Layer 2, Epoch 20, Loss: 0.3254
2025-05-17 15:00:26,155 - INFO - RBM Layer 2, Epoch 30, Loss: 0.2856
2025-05-17 15:00:30,279 - INFO - RBM Layer 2, Epoch 40, Loss: 0.2395
2025-05-17 15:00:33,736 - INFO - Starting DBN fine-tuning...
2025-05-17 15:00:58,898 - INFO - Fine-tune Epoch 0, Validation Accuracy: 0.8736
2025-05-17 15:01:04,237 - INFO - Fine-tune Epoch 10, Validation Accuracy: 0.8736
2025-05-17 15:01:10,467 - INFO - Fine-tune Epoch 20, Validation Accuracy: 0.8736
2025-05-17 15:01:17,767 - INFO - Fine-tune Epoch 30, Validation Accuracy: 0.8736
2025-05-17 15:01:27,519 - INFO - Fine-tune Epoch 40, Validation Accuracy: 0.8736
2025-05-17 15:01:32,928 - INFO - Training complete in 89.01 seconds
2025-05-17 15:01:32,931 - INFO - Validation MCC: 0.0000, AUC: 0.6340
2025-05-17 15:01:32,934 - INFO - Test MCC: 0.0000, AUC: 0.6185
2025-05-17 15:51:53,263 - INFO - Training DBN...
2025-05-17 15:51:53,737 - INFO - Starting DBN pre-training...
2025-05-17 15:51:53,738 - INFO - Pre-training RBM layer 1/2
2025-05-17 15:51:54,365 - INFO - RBM Layer 1, Epoch 0, Loss: 1.1661
2025-05-17 15:51:54,545 - INFO - RBM Layer 1, Epoch 10, Loss: 0.9147
2025-05-17 15:51:54,720 - INFO - RBM Layer 1, Epoch 20, Loss: 0.9201
2025-05-17 15:51:54,947 - INFO - RBM Layer 1, Epoch 30, Loss: 0.9356
2025-05-17 15:51:55,141 - INFO - RBM Layer 1, Epoch 40, Loss: 0.9579
2025-05-17 15:51:55,358 - INFO - Pre-training RBM layer 2/2
2025-05-17 15:51:55,399 - INFO - RBM Layer 2, Epoch 0, Loss: 0.4205
2025-05-17 15:51:55,669 - INFO - RBM Layer 2, Epoch 10, Loss: 0.3643
2025-05-17 15:51:55,938 - INFO - RBM Layer 2, Epoch 20, Loss: 0.3311
2025-05-17 15:51:56,194 - INFO - RBM Layer 2, Epoch 30, Loss: 0.2869
2025-05-17 15:51:56,477 - INFO - RBM Layer 2, Epoch 40, Loss: 0.2376
2025-05-17 15:51:56,719 - INFO - Starting DBN fine-tuning...
2025-05-17 15:52:24,833 - INFO - Fine-tune Epoch 0, Validation Accuracy: 0.8736
2025-05-17 15:52:25,483 - INFO - Fine-tune Epoch 10, Validation Accuracy: 0.8736
2025-05-17 15:52:26,077 - INFO - Fine-tune Epoch 20, Validation Accuracy: 0.8736
2025-05-17 15:52:26,685 - INFO - Fine-tune Epoch 30, Validation Accuracy: 0.8736
2025-05-17 15:52:27,363 - INFO - Fine-tune Epoch 40, Validation Accuracy: 0.8736
2025-05-17 15:52:28,087 - INFO - Training complete in 34.82 seconds
2025-05-17 15:52:28,088 - INFO - Validation MCC: 0.0000, AUC: 0.5484
2025-05-17 15:52:28,088 - INFO - Test MCC: 0.0000, AUC: 0.6490
2025-05-17 15:54:39,322 - INFO - Training DBN...
2025-05-17 15:54:39,326 - INFO - Starting DBN pre-training...
2025-05-17 15:54:39,327 - INFO - Pre-training RBM layer 1/2
2025-05-17 15:54:39,364 - INFO - RBM Layer 1, Epoch 0, Loss: 1.1720
2025-05-17 15:54:39,621 - INFO - RBM Layer 1, Epoch 10, Loss: 0.9211
2025-05-17 15:54:39,886 - INFO - RBM Layer 1, Epoch 20, Loss: 0.9221
2025-05-17 15:54:40,096 - INFO - RBM Layer 1, Epoch 30, Loss: 0.9364
2025-05-17 15:54:40,271 - INFO - RBM Layer 1, Epoch 40, Loss: 0.9495
2025-05-17 15:54:40,463 - INFO - Pre-training RBM layer 2/2
2025-05-17 15:54:40,497 - INFO - RBM Layer 2, Epoch 0, Loss: 0.4184
2025-05-17 15:54:40,828 - INFO - RBM Layer 2, Epoch 10, Loss: 0.3640
2025-05-17 15:54:41,098 - INFO - RBM Layer 2, Epoch 20, Loss: 0.3313
2025-05-17 15:54:41,358 - INFO - RBM Layer 2, Epoch 30, Loss: 0.2866
2025-05-17 15:54:41,654 - INFO - RBM Layer 2, Epoch 40, Loss: 0.2380
2025-05-17 15:54:41,952 - INFO - Starting DBN fine-tuning...
2025-05-17 15:54:52,131 - INFO - Fine-tune Epoch 0, Validation Accuracy: 0.8736
2025-05-17 15:54:52,903 - INFO - Fine-tune Epoch 10, Validation Accuracy: 0.8736
2025-05-17 15:54:53,500 - INFO - Fine-tune Epoch 20, Validation Accuracy: 0.8736
2025-05-17 15:54:54,119 - INFO - Fine-tune Epoch 30, Validation Accuracy: 0.8736
2025-05-17 15:54:54,851 - INFO - Fine-tune Epoch 40, Validation Accuracy: 0.8736
2025-05-17 15:54:58,281 - INFO - Training complete in 18.96 seconds
2025-05-17 15:54:58,283 - INFO - Validation MCC: 0.0000, AUC: 0.5933
2025-05-17 15:54:58,284 - INFO - Test MCC: 0.0000, AUC: 0.6024
2025-05-17 15:58:48,310 - INFO - Training DBN...
2025-05-17 15:58:48,333 - INFO - Starting DBN pre-training...
2025-05-17 15:58:48,333 - INFO - Pre-training RBM layer 1/2
2025-05-17 15:58:48,385 - INFO - RBM Layer 1, Epoch 0, Loss: 1.4862
2025-05-17 15:58:48,589 - INFO - RBM Layer 1, Epoch 10, Loss: 1.3538
2025-05-17 15:58:48,788 - INFO - RBM Layer 1, Epoch 20, Loss: 1.2528
2025-05-17 15:58:49,053 - INFO - RBM Layer 1, Epoch 30, Loss: 1.1952
2025-05-17 15:58:49,230 - INFO - RBM Layer 1, Epoch 40, Loss: 1.1534
2025-05-17 15:58:49,430 - INFO - Pre-training RBM layer 2/2
2025-05-17 15:58:49,464 - INFO - RBM Layer 2, Epoch 0, Loss: 0.2525
2025-05-17 15:58:49,761 - INFO - RBM Layer 2, Epoch 10, Loss: 0.2526
2025-05-17 15:58:50,052 - INFO - RBM Layer 2, Epoch 20, Loss: 0.2525
2025-05-17 15:58:50,314 - INFO - RBM Layer 2, Epoch 30, Loss: 0.2526
2025-05-17 15:58:50,619 - INFO - RBM Layer 2, Epoch 40, Loss: 0.2525
2025-05-17 15:58:50,915 - INFO - Starting DBN fine-tuning...
2025-05-17 15:58:57,394 - INFO - Fine-tune Epoch 0, Validation Accuracy: 0.8736
2025-05-17 15:58:58,044 - INFO - Fine-tune Epoch 10, Validation Accuracy: 0.8736
2025-05-17 15:58:58,629 - INFO - Fine-tune Epoch 20, Validation Accuracy: 0.8736
2025-05-17 15:58:59,261 - INFO - Fine-tune Epoch 30, Validation Accuracy: 0.8736
2025-05-17 15:58:59,944 - INFO - Fine-tune Epoch 40, Validation Accuracy: 0.8736
2025-05-17 15:59:00,624 - INFO - Training complete in 12.31 seconds
2025-05-17 15:59:00,624 - INFO - Validation MCC: 0.0000, AUC: 0.4916
2025-05-17 15:59:00,625 - INFO - Test MCC: 0.0000, AUC: 0.3585
2025-05-17 16:06:33,501 - INFO - Training DBN...
2025-05-17 16:06:33,902 - INFO - Starting DBN pre-training...
2025-05-17 16:06:33,902 - INFO - Pre-training RBM layer 1/2
2025-05-17 16:06:34,494 - INFO - RBM Layer 1, Epoch 0, Loss: 1.1695
2025-05-17 16:06:34,647 - INFO - RBM Layer 1, Epoch 10, Loss: 0.9271
2025-05-17 16:06:34,797 - INFO - RBM Layer 1, Epoch 20, Loss: 0.9189
2025-05-17 16:06:34,940 - INFO - RBM Layer 1, Epoch 30, Loss: 0.9439
2025-05-17 16:06:35,078 - INFO - RBM Layer 1, Epoch 40, Loss: 0.9587
2025-05-17 16:06:35,245 - INFO - Pre-training RBM layer 2/2
2025-05-17 16:06:35,267 - INFO - RBM Layer 2, Epoch 0, Loss: 0.4179
2025-05-17 16:06:35,479 - INFO - RBM Layer 2, Epoch 10, Loss: 0.3609
2025-05-17 16:06:35,750 - INFO - RBM Layer 2, Epoch 20, Loss: 0.3234
2025-05-17 16:06:36,009 - INFO - RBM Layer 2, Epoch 30, Loss: 0.2786
2025-05-17 16:06:36,232 - INFO - RBM Layer 2, Epoch 40, Loss: 0.2260
2025-05-17 16:06:36,478 - INFO - Starting DBN fine-tuning...
2025-05-17 16:06:43,510 - INFO - Fine-tune Epoch 0, Validation Accuracy: 0.8736
2025-05-17 16:06:44,196 - INFO - Fine-tune Epoch 10, Validation Accuracy: 0.8736
2025-05-17 16:06:44,863 - INFO - Fine-tune Epoch 20, Validation Accuracy: 0.8736
2025-05-17 16:06:45,696 - INFO - Fine-tune Epoch 30, Validation Accuracy: 0.8736
2025-05-17 16:06:46,878 - INFO - Fine-tune Epoch 40, Validation Accuracy: 0.8736
2025-05-17 16:06:48,508 - INFO - Training complete in 15.01 seconds
2025-05-17 16:06:48,508 - INFO - Validation MCC: 0.0000, AUC: 0.5000
2025-05-17 16:06:48,508 - INFO - Test MCC: 0.0000, AUC: 0.5000
2025-05-17 16:10:53,805 - INFO - Training DBN...
2025-05-17 16:10:53,826 - INFO - Starting DBN pre-training...
2025-05-17 16:10:53,826 - INFO - Pre-training RBM layer 1/2
2025-05-17 16:10:53,846 - INFO - RBM Layer 1, Epoch 0, Loss: 1.4176
2025-05-17 16:10:53,993 - INFO - RBM Layer 1, Epoch 10, Loss: 1.0170
2025-05-17 16:10:54,141 - INFO - RBM Layer 1, Epoch 20, Loss: 1.0112
2025-05-17 16:10:54,284 - INFO - RBM Layer 1, Epoch 30, Loss: 0.9898
2025-05-17 16:10:54,457 - INFO - RBM Layer 1, Epoch 40, Loss: 0.9584
2025-05-17 16:10:54,583 - INFO - Pre-training RBM layer 2/2
2025-05-17 16:10:54,602 - INFO - RBM Layer 2, Epoch 0, Loss: 0.2834
2025-05-17 16:10:54,794 - INFO - RBM Layer 2, Epoch 10, Loss: 0.2821
2025-05-17 16:10:54,995 - INFO - RBM Layer 2, Epoch 20, Loss: 0.2819
2025-05-17 16:10:55,210 - INFO - RBM Layer 2, Epoch 30, Loss: 0.2815
2025-05-17 16:10:55,410 - INFO - RBM Layer 2, Epoch 40, Loss: 0.2819
2025-05-17 16:10:55,607 - INFO - Starting DBN fine-tuning...
2025-05-17 16:11:01,190 - INFO - Fine-tune Epoch 0, Validation Accuracy: 0.8736
2025-05-17 16:11:01,936 - INFO - Fine-tune Epoch 10, Validation Accuracy: 0.8736
2025-05-17 16:11:02,602 - INFO - Fine-tune Epoch 20, Validation Accuracy: 0.8736
2025-05-17 16:11:03,201 - INFO - Fine-tune Epoch 30, Validation Accuracy: 0.8736
2025-05-17 16:11:03,867 - INFO - Fine-tune Epoch 40, Validation Accuracy: 0.8736
2025-05-17 16:11:04,504 - INFO - Training complete in 10.70 seconds
2025-05-17 16:11:04,504 - INFO - Validation MCC: 0.0000, AUC: 0.4055
2025-05-17 16:11:04,504 - INFO - Test MCC: 0.0000, AUC: 0.3544
2025-05-17 16:13:19,279 - INFO - Training DBN...
2025-05-17 16:13:19,281 - INFO - Starting DBN pre-training...
2025-05-17 16:13:19,281 - INFO - Pre-training RBM layer 1/2
2025-05-17 16:13:19,296 - INFO - RBM Layer 1, Epoch 0, Loss: 1.5028
2025-05-17 16:13:19,442 - INFO - RBM Layer 1, Epoch 10, Loss: 1.3592
2025-05-17 16:13:19,587 - INFO - RBM Layer 1, Epoch 20, Loss: 1.2632
2025-05-17 16:13:19,739 - INFO - RBM Layer 1, Epoch 30, Loss: 1.1995
2025-05-17 16:13:19,881 - INFO - RBM Layer 1, Epoch 40, Loss: 1.1545
2025-05-17 16:13:20,018 - INFO - Pre-training RBM layer 2/2
2025-05-17 16:13:20,044 - INFO - RBM Layer 2, Epoch 0, Loss: 0.2525
2025-05-17 16:13:20,352 - INFO - RBM Layer 2, Epoch 10, Loss: 0.2525
2025-05-17 16:13:20,636 - INFO - RBM Layer 2, Epoch 20, Loss: 0.2525
2025-05-17 16:13:20,867 - INFO - RBM Layer 2, Epoch 30, Loss: 0.2525
2025-05-17 16:13:21,097 - INFO - RBM Layer 2, Epoch 40, Loss: 0.2526
2025-05-17 16:13:21,367 - INFO - Starting DBN fine-tuning...
2025-05-17 16:13:26,599 - INFO - Fine-tune Epoch 0, Validation Accuracy: 0.8736
2025-05-17 16:13:27,288 - INFO - Fine-tune Epoch 10, Validation Accuracy: 0.8736
2025-05-17 16:13:27,956 - INFO - Fine-tune Epoch 20, Validation Accuracy: 0.8736
2025-05-17 16:13:28,618 - INFO - Fine-tune Epoch 30, Validation Accuracy: 0.8736
2025-05-17 16:13:29,344 - INFO - Fine-tune Epoch 40, Validation Accuracy: 0.8736
2025-05-17 16:13:30,080 - INFO - Training complete in 10.80 seconds
2025-05-17 16:13:30,081 - INFO - Validation MCC: 0.0000, AUC: 0.4737
2025-05-17 16:13:30,081 - INFO - Test MCC: 0.0000, AUC: 0.4568
2025-05-17 16:14:01,560 - INFO - Training CNN...
2025-05-17 16:14:03,473 - INFO - Starting CNN training...
2025-05-17 16:14:04,302 - INFO - Epoch 0, Validation Accuracy: 0.8736
2025-05-17 16:14:05,180 - INFO - Epoch 10, Validation Accuracy: 0.8736
2025-05-17 16:14:06,036 - INFO - Epoch 20, Validation Accuracy: 0.8736
2025-05-17 16:14:07,114 - INFO - Epoch 30, Validation Accuracy: 0.8506
2025-05-17 16:14:08,008 - INFO - Epoch 40, Validation Accuracy: 0.8506
2025-05-17 16:14:08,790 - INFO - Training complete in 7.23 seconds
2025-05-17 16:14:08,790 - INFO - Validation MCC: -0.0584, AUC: 0.4031
2025-05-17 16:14:08,790 - INFO - Test MCC: -0.0396, AUC: 0.4655
2025-05-17 16:14:19,967 - INFO - Training Random Forest...
2025-05-17 16:14:19,968 - INFO - Training Random Forest...
2025-05-17 16:14:20,573 - INFO - Evaluating Random Forest...
2025-05-17 16:14:20,658 - INFO - Random Forest MCC: -0.0410, AUC: 0.6256
2025-05-17 16:14:20,658 - INFO - Evaluating Random Forest...
2025-05-17 16:14:20,732 - INFO - Random Forest MCC: -0.0396, AUC: 0.6738
2025-05-17 16:14:20,733 - INFO - Training complete in 0.76 seconds
2025-05-17 16:14:20,733 - INFO - Validation MCC: -0.0410, AUC: 0.6256
2025-05-17 16:14:20,733 - INFO - Test MCC: -0.0396, AUC: 0.6738
2025-05-17 17:17:38,662 - INFO - Training DBN...
2025-05-17 17:17:38,956 - INFO - Starting DBN pre-training...
2025-05-17 17:17:38,956 - INFO - Pre-training RBM layer 1/2
2025-05-17 17:17:39,550 - INFO - RBM Layer 1, Epoch 0, Loss: 1.4780
2025-05-17 17:17:39,686 - INFO - RBM Layer 1, Epoch 10, Loss: 1.3663
2025-05-17 17:17:39,840 - INFO - RBM Layer 1, Epoch 20, Loss: 1.2813
2025-05-17 17:17:39,980 - INFO - RBM Layer 1, Epoch 30, Loss: 1.2117
2025-05-17 17:17:40,115 - INFO - RBM Layer 1, Epoch 40, Loss: 1.1652
2025-05-17 17:17:40,272 - INFO - Pre-training RBM layer 2/2
2025-05-17 17:17:40,293 - INFO - RBM Layer 2, Epoch 0, Loss: 0.2515
2025-05-17 17:17:40,483 - INFO - RBM Layer 2, Epoch 10, Loss: 0.2515
2025-05-17 17:17:40,671 - INFO - RBM Layer 2, Epoch 20, Loss: 0.2515
2025-05-17 17:17:40,884 - INFO - RBM Layer 2, Epoch 30, Loss: 0.2515
2025-05-17 17:17:41,099 - INFO - RBM Layer 2, Epoch 40, Loss: 0.2514
2025-05-17 17:17:41,286 - INFO - Starting DBN fine-tuning...
2025-05-17 17:18:03,200 - INFO - Fine-tune Epoch 0, Validation Accuracy: 0.8736
2025-05-17 17:18:04,081 - INFO - Fine-tune Epoch 10, Validation Accuracy: 0.8736
2025-05-17 17:18:04,829 - INFO - Fine-tune Epoch 20, Validation Accuracy: 0.8736
2025-05-17 17:18:05,574 - INFO - Fine-tune Epoch 30, Validation Accuracy: 0.8736
2025-05-17 17:18:06,311 - INFO - Fine-tune Epoch 40, Validation Accuracy: 0.8736
2025-05-17 17:18:07,666 - INFO - Training complete in 29.00 seconds
2025-05-17 17:18:07,666 - INFO - Validation MCC: 0.0000, AUC: 0.5000
2025-05-17 17:18:07,667 - INFO - Test MCC: 0.0000, AUC: 0.5627
2025-05-17 17:18:34,736 - INFO - Training CNN...
2025-05-17 17:18:39,181 - INFO - Starting CNN training...
2025-05-17 17:18:39,999 - INFO - Epoch 0, Validation Accuracy: 0.8736
2025-05-17 17:18:40,969 - INFO - Epoch 10, Validation Accuracy: 0.8736
2025-05-17 17:18:41,941 - INFO - Epoch 20, Validation Accuracy: 0.8736
2025-05-17 17:18:42,785 - INFO - Epoch 30, Validation Accuracy: 0.8621
2025-05-17 17:18:43,609 - INFO - Epoch 40, Validation Accuracy: 0.8621
2025-05-17 17:18:44,339 - INFO - Training complete in 9.60 seconds
2025-05-17 17:18:44,339 - INFO - Validation MCC: -0.0410, AUC: 0.4091
2025-05-17 17:18:44,340 - INFO - Test MCC: -0.0396, AUC: 0.4344
2025-05-17 17:19:56,396 - INFO - Training Random Forest...
2025-05-17 17:19:56,397 - INFO - Training Random Forest...
2025-05-17 17:19:57,188 - INFO - Evaluating Random Forest...
2025-05-17 17:19:57,269 - INFO - Random Forest MCC: -0.0584, AUC: 0.5706
2025-05-17 17:19:57,269 - INFO - Evaluating Random Forest...
2025-05-17 17:19:57,346 - INFO - Random Forest MCC: 0.0000, AUC: 0.6496
2025-05-17 17:19:57,347 - INFO - Training complete in 0.95 seconds
2025-05-17 17:19:57,347 - INFO - Validation MCC: -0.0584, AUC: 0.5706
2025-05-17 17:19:57,347 - INFO - Test MCC: 0.0000, AUC: 0.6496
